
           ___      .______        ______  __    __  .______      
          /   \     |   _  \      /      ||  |  |  | |   _  \     
         /  ^  \    |  |_)  |    |  ,----'|  |__|  | |  |_)  |    
        /  /_\  \   |      /     |  |     |   __   | |      /     
       /  _____  \  |  |\  \\___ |  `----.|  |  |  | |  |\  \\___.
      /__/     \__\ | _| `._____| \______||__|  |__| | _| `._____|
    
Logging With ArchR!

Start Time : 2022-03-29 15:59:52

------- ArchR Info

ArchRThreads = 1

------- System Info

Computer OS = unix

------- Session Info

R version 4.1.1 (2021-08-10)
Platform: x86_64-pc-linux-gnu (64-bit)
Running under: Rocky Linux 8.5 (Green Obsidian)

Matrix products: default
BLAS/LAPACK: /usr/lib64/libopenblasp-r0.3.12.so

Random number generation:
 RNG:     L'Ecuyer-CMRG 
 Normal:  Inversion 
 Sample:  Rejection 
 
locale:
 [1] LC_CTYPE=en_US.UTF-8       LC_NUMERIC=C               LC_TIME=en_US.UTF-8        LC_COLLATE=en_US.UTF-8    
 [5] LC_MONETARY=en_US.UTF-8    LC_MESSAGES=en_US.UTF-8    LC_PAPER=en_US.UTF-8       LC_NAME=C                 
 [9] LC_ADDRESS=C               LC_TELEPHONE=C             LC_MEASUREMENT=en_US.UTF-8 LC_IDENTIFICATION=C       

attached base packages:
[1] stats4    stats     graphics  grDevices datasets  utils     methods   base     

other attached packages:
 [1] ArchR_1.0.1                 magrittr_2.0.1              rhdf5_2.38.0               
 [4] Matrix_1.3-4                data.table_1.14.2           SummarizedExperiment_1.24.0
 [7] Biobase_2.54.0              GenomicRanges_1.46.1        GenomeInfoDb_1.30.0        
[10] IRanges_2.28.0              S4Vectors_0.32.3            BiocGenerics_0.40.0        
[13] MatrixGenerics_1.6.0        matrixStats_0.61.0          ggplot2_3.3.5              

loaded via a namespace (and not attached):
 [1] Rcpp_1.0.7             lattice_0.20-45        gtools_3.9.2           prettyunits_1.1.1     
 [5] ps_1.6.0               rprojroot_2.0.2        utf8_1.2.2             R6_2.5.1              
 [9] pillar_1.6.4           zlibbioc_1.40.0        rlang_0.4.12           curl_4.3.2            
[13] rstudioapi_0.13        callr_3.7.0            desc_1.4.0             devtools_2.4.3        
[17] stringr_1.4.0          RCurl_1.98-1.5         munsell_0.5.0          DelayedArray_0.20.0   
[21] compiler_4.1.1         pkgconfig_2.0.3        pkgbuild_1.2.1         tidyselect_1.1.1      
[25] tibble_3.1.6           GenomeInfoDbData_1.2.7 fansi_0.5.0            crayon_1.4.2          
[29] dplyr_1.0.7            withr_2.4.3            bitops_1.0-7           rhdf5filters_1.6.0    
[33] grid_4.1.1             gtable_0.3.0           lifecycle_1.0.1        scales_1.1.1          
[37] stringi_1.7.6          cli_3.1.0              cachem_1.0.6           XVector_0.34.0        
[41] renv_0.14.0            fs_1.5.0               remotes_2.4.2          testthat_3.1.1        
[45] ellipsis_0.3.2         generics_0.1.1         vctrs_0.3.8            Rhdf5lib_1.16.0       
[49] Cairo_1.5-12.2         tools_4.1.1            glue_1.6.2             purrr_0.3.4           
[53] parallel_4.1.1         processx_3.5.2         pkgload_1.2.4          fastmap_1.1.0         
[57] colorspace_2.0-2       BiocManager_1.30.16    sessioninfo_1.2.1      memoise_2.0.1         
[61] usethis_2.1.3         


------- Log Info


2022-03-29 15:59:52 : exportShinyArchR Input-Parameters, Class = list

exportShinyArchR Input-Parameters$ArchRProj: length = 1

exportShinyArchR Input-Parameters$outDir: length = 1
[1] "Shiny"


exportShinyArchR Input-Parameters$tileSize: length = 1
[1] 100


exportShinyArchR Input-Parameters$threads: length = 1
[1] 1


exportShinyArchR Input-Parameters$verbose: length = 1
[1] TRUE


exportShinyArchR Input-Parameters$logFile: length = 1
[1] "ArchRLogs/ArchR-exportShinyArchR-217c96f6e6658-Date-2022-03-29_Time-15-59-52.log"


