
           ___      .______        ______  __    __  .______      
          /   \     |   _  \      /      ||  |  |  | |   _  \     
         /  ^  \    |  |_)  |    |  ,----'|  |__|  | |  |_)  |    
        /  /_\  \   |      /     |  |     |   __   | |      /     
       /  _____  \  |  |\  \\___ |  `----.|  |  |  | |  |\  \\___.
      /__/     \__\ | _| `._____| \______||__|  |__| | _| `._____|
    
Logging With ArchR!

Start Time : 2022-03-29 16:21:00

------- ArchR Info

ArchRThreads = 1

------- System Info

Computer OS = unix

------- Session Info

R version 4.1.1 (2021-08-10)
Platform: x86_64-pc-linux-gnu (64-bit)
Running under: Rocky Linux 8.5 (Green Obsidian)

Matrix products: default
BLAS/LAPACK: /usr/lib64/libopenblasp-r0.3.12.so

Random number generation:
 RNG:     L'Ecuyer-CMRG 
 Normal:  Inversion 
 Sample:  Rejection 
 
locale:
 [1] LC_CTYPE=en_US.UTF-8       LC_NUMERIC=C               LC_TIME=en_US.UTF-8       
 [4] LC_COLLATE=en_US.UTF-8     LC_MONETARY=en_US.UTF-8    LC_MESSAGES=en_US.UTF-8   
 [7] LC_PAPER=en_US.UTF-8       LC_NAME=C                  LC_ADDRESS=C              
[10] LC_TELEPHONE=C             LC_MEASUREMENT=en_US.UTF-8 LC_IDENTIFICATION=C       

attached base packages:
[1] stats4    stats     graphics  grDevices datasets  utils     methods   base     

other attached packages:
 [1] rhandsontable_0.3.8         shiny_1.7.1                 ArchR_1.0.1                
 [4] magrittr_2.0.1              rhdf5_2.38.0                Matrix_1.3-4               
 [7] data.table_1.14.2           SummarizedExperiment_1.24.0 Biobase_2.54.0             
[10] GenomicRanges_1.46.1        GenomeInfoDb_1.30.0         IRanges_2.28.0             
[13] S4Vectors_0.32.3            BiocGenerics_0.40.0         MatrixGenerics_1.6.0       
[16] matrixStats_0.61.0          ggplot2_3.3.5              

loaded via a namespace (and not attached):
 [1] pkgload_1.2.4          jsonlite_1.7.2         gtools_3.9.2           BiocManager_1.30.16   
 [5] renv_0.14.0            GenomeInfoDbData_1.2.7 remotes_2.4.2          sessioninfo_1.2.1     
 [9] pillar_1.6.4           lattice_0.20-45        glue_1.6.2             digest_0.6.29         
[13] promises_1.2.0.1       XVector_0.34.0         colorspace_2.0-2       htmltools_0.5.2       
[17] httpuv_1.6.3           pkgconfig_2.0.3        devtools_2.4.3         zlibbioc_1.40.0       
[21] xtable_1.8-4           purrr_0.3.4            scales_1.1.1           processx_3.5.2        
[25] later_1.3.0            tibble_3.1.6           generics_0.1.1         usethis_2.1.3         
[29] ellipsis_0.3.2         cachem_1.0.6           withr_2.4.3            cli_3.1.0             
[33] crayon_1.4.2           mime_0.12              memoise_2.0.1          ps_1.6.0              
[37] fs_1.5.0               fansi_0.5.0            pkgbuild_1.2.1         Cairo_1.5-12.2        
[41] tools_4.1.1            prettyunits_1.1.1      lifecycle_1.0.1        stringr_1.4.0         
[45] Rhdf5lib_1.16.0        munsell_0.5.0          DelayedArray_0.20.0    callr_3.7.0           
[49] compiler_4.1.1         rlang_0.4.12           grid_4.1.1             RCurl_1.98-1.5        
[53] rhdf5filters_1.6.0     rstudioapi_0.13        htmlwidgets_1.5.4      bitops_1.0-7          
[57] testthat_3.1.1         gtable_0.3.0           curl_4.3.2             R6_2.5.1              
[61] dplyr_1.0.7            fastmap_1.1.0          utf8_1.2.2             rprojroot_2.0.2       
[65] desc_1.4.0             stringi_1.7.6          parallel_4.1.1         Rcpp_1.0.7            
[69] vctrs_0.3.8            tidyselect_1.1.1      


------- Log Info


2022-03-29 16:21:00 : exportShinyArchR Input-Parameters, Class = list

exportShinyArchR Input-Parameters$ArchRProj: length = 1

exportShinyArchR Input-Parameters$outDir: length = 1
[1] "Shiny"


exportShinyArchR Input-Parameters$tileSize: length = 1
[1] 100


exportShinyArchR Input-Parameters$threads: length = 1
[1] 1


exportShinyArchR Input-Parameters$verbose: length = 1
[1] TRUE


exportShinyArchR Input-Parameters$logFile: length = 1
[1] "ArchRLogs/ArchR-exportShinyArchR-217c961d177d79-Date-2022-03-29_Time-16-21-00.log"


